POST http://cn.made-in-china.com/inquiry.do?xcase=sendInquiry HTTP/1.1
Host: cn.made-in-china.com
Content-Length: 1817
Cache-Control: max-age=0
Origin: http://cn.made-in-china.com
Upgrade-Insecure-Requests: 1
User-Agent: Mozilla/5.0 (Windows NT 6.1; WOW64) AppleWebKit/537.36 (KHTML, like Gecko) Chrome/55.0.2883.75 Safari/537.36 Maxthon/5.1.3.1000
Content-Type: multipart/form-data; boundary=----WebKitFormBoundaryqLsRXIZYATyoQ4IR
Accept: text/html,application/xhtml+xml,application/xml;q=0.9,image/webp,*/*;q=0.8
Referer: http://cn.made-in-china.com/sendInquiry/shrom_qMrnSsRuXhYb_qMrnSsRuXhYb.html
Accept-Encoding: gzip, deflate
Accept-Language: zh-CN
Cookie: pid=TguMjQwLjI2LjIwMzIwMTcxMTA4MTcwNDQ0ODY0NTkxMjMzMDEN; sf_img=AM; cn_cat=ERffjE4MzcwNTAwMDAUiEsfERffjM0MTUwNTAwMDAUiEsfERffjM0MDUwNjAwMDAUiEsfERffjE1NjYwMDAwMDAUiEsfGRffjE3MDgwMDAwMDAciEsfGRffjI3MzAwMDAwMDAciEsf2JffjI2MTAwMDAwMDAbiEsf2JffjMwMDUwNTAwMDAbiEsf2JffjE0MDMwMTAwMDAb; cn_pd=jkyMjI5NzAyNiEsfjc2MDczNzcyNiEsfjc2MDczNzQyNiEsfjg2NDc1NjgyNiEsfjkzODMxMDIyNiEsfjE3MzIwNDg0NiEsfzAxNTQzODA1NiEsfjk2MDA4OTk1NiEsfjI1MTE5NjM1NiEsfjkyMzYyNzkyNiEsfjkyOTcwNjcyNiEsfjY4MzgwNDk1N; cn_ob=zM3NjEwMzE1NiEsfzQyNjc2NDA1NiEsfzQyNTQxMTc1NiEsfzE4NzMzODgyNiEsfzE4NzMzODkyNiEsfzQxNDA3NDY1NiEsfzIwMTg2OTc1NiEsfzQwMTY0MzI1NiEsfzI2NjM1Mjc1NiEsfzM3NTg3MDc1NiEsfzM4OTc2MDk1NiEsfzMyNjc2OTQyN; cn_kwd=com_%7E%E5%B0%81%E9%97%AD%E5%89%82%7E%21%2Coffer_%7E%E7%B3%BB%E7%BB%9F%E9%9B%86%E6%88%90%7E%21%2Ccom_%7E%E6%B2%A7%E9%BE%99%E6%95%B0%E7%A0%81%7E%21%2Ccom_%7E%E5%88%9B%E9%93%AD%E6%A0%87%E7%89%8C%7E%21%2Cprod_%7E%E8%BD%B4%E6%89%BF%7E%21%2Ccom_%7E%E9%9F%B6%E5%A4%A7%E8%BD%B4%E6%89%BF%7E%21%2Coffer_%7E%E6%B0%B4%E9%81%93%E5%9B%9E%E8%BD%AC%E7%81%AB%E9%94%85%7E%21%2Coffer_%7E%E5%8D%95%E9%92%88%E6%9C%BA%E9%92%88%E6%A2%AD%E9%85%8D%E4%BB%B6%7E%21%2Coffer_%7E%E5%B9%BF%E5%91%8A%E5%88%B6%E4%BD%9C%7E%21%2Coffer_%7Emp3%7E%21%2Cprod_%7Eled%7E%21%2Ccom_%7E%E5%B1%B1%E4%B8%9C%E4%B8%AD%E7%85%A4%E5%B7%A5%E7%9F%BF%E7%89%A9%E8%B5%84%E6%9C%89%E9%99%90%E5%85%AC%E5%8F%B8%7E%21%2Cprod_%7E0FPC%E9%94%99%E8%84%9A%E4%BD%8D%E8%BF%9E%E6%8E%A5%E5%99%A8%7E%21%2Cprod_%7E1.0FPC%E9%94%99%E8%84%9A%E4%BD%8D%E8%BF%9E%E6%8E%A5%E5%99%A8%7E%21%2Cprod_%7E%E6%B1%BD%E8%BD%A6%E5%BA%A7%E6%A4%85%7E%21%2Cprod_%7Emp3%7E%21%2Cprod_%7E%E9%A2%91%E7%8E%87%E5%85%83%E4%BB%B6%7E%21%2Cprod_%7E%E6%8D%86%E6%89%8E%E6%9C%BA%7E%21%2Cprod_%7E%E5%B9%BF%E5%91%8A%E5%99%A8%E6%9D%90%7E%21%2Cprod_%7E%E7%AD%96%E5%88%92; JSESSIONID=abcwZXw3f6uFtabN26F_v; cn_com=jUyMjc2NjgyNiEsfjgxNDk5OTM1NiEsfjc5NDAxMDEyNiEsfjgxNzk2OTMyNiEsfjE3NzgxNDYyNiEsfjgxODI2NDgyNiEsfjczOTc0NDM1NiEsfjc1NzAxNjI1NiEsfjc4MjM3ODIyNiEsfjgxNzk5MDUyN; Hm_lvt_dcd77103e55fb7327c5d9c24690a3d89=1510206270,1510208413,1510213439,1510216520; Hm_lpvt_dcd77103e55fb7327c5d9c24690a3d89=1510216884; cid=jAxNzExMDkxNjM1MjY3MzAwMDA6MDEyMTQ4NzAwMDYzOTUwNDA0MTYM; sid=TA1MTY2MTAwNzYxNDg0MzkyOjo1OC4yNDAuMjYuMjAzM; __utma=144487465.1866840433.1510139571.1510213439.1510216369.6; __utmb=144487465.9.10.1510216369; __utmc=144487465; __utmz=144487465.1510213439.5.3.utmcsr=cd.abiz.com|utmccn=(referral)|utmcmd=referral|utmcct=/attempt/login
Connection: close
Proxy-Connection: Keep-Alive

------WebKitFormBoundaryqLsRXIZYATyoQ4IR
Content-Disposition: form-data; name="js-logon-pos"

inquiry
------WebKitFormBoundaryqLsRXIZYATyoQ4IR
Content-Disposition: form-data; name="subject"

CSRF安全测试CSRF安全测试
------WebKitFormBoundaryqLsRXIZYATyoQ4IR
Content-Disposition: form-data; name="content"

CSRF安全测试CSRF安全测试
------WebKitFormBoundaryqLsRXIZYATyoQ4IR
Content-Disposition: form-data; name="senderCom"

CSRF安全测试
------WebKitFormBoundaryqLsRXIZYATyoQ4IR
Content-Disposition: form-data; name="senderName"

CSRF安全测试
------WebKitFormBoundaryqLsRXIZYATyoQ4IR
Content-Disposition: form-data; name="senderSex"

1
------WebKitFormBoundaryqLsRXIZYATyoQ4IR
Content-Disposition: form-data; name="senderTel"

1825000321
------WebKitFormBoundaryqLsRXIZYATyoQ4IR
Content-Disposition: form-data; name="senderMail"

1825000321@qq.com
------WebKitFormBoundaryqLsRXIZYATyoQ4IR
Content-Disposition: form-data; name="sourceId"

qMrnSsRuXhYb
------WebKitFormBoundaryqLsRXIZYATyoQ4IR
Content-Disposition: form-data; name="receiverComId"

qMrnSsRuXhYb
------WebKitFormBoundaryqLsRXIZYATyoQ4IR
Content-Disposition: form-data; name="sourceType"

shrom
------WebKitFormBoundaryqLsRXIZYATyoQ4IR
Content-Disposition: form-data; name="src"


------WebKitFormBoundaryqLsRXIZYATyoQ4IR
Content-Disposition: form-data; name="contactSrc"

http://yulikui2011.cn.made-in-china.com#page4
------WebKitFormBoundaryqLsRXIZYATyoQ4IR
Content-Disposition: form-data; name="comSrc"

http://yulikui2011.cn.made-in-china.com
------WebKitFormBoundaryqLsRXIZYATyoQ4IR
Content-Disposition: form-data; name="encryptSuss"

0
------WebKitFormBoundaryqLsRXIZYATyoQ4IR
Content-Disposition: form-data; name="soruceView"

shrom
------WebKitFormBoundaryqLsRXIZYATyoQ4IR--
